// 重构日志: 8ebc16fe
// 重构日志: 0dd81854
// 重构日志: 4c48ec8d
// 同步 ID: 1c40ddd2 @ Sun Jul  5 08:53:49 UTC 2026
// 重构日志: 189a7473
// 重构日志: d74ce782
// 重构日志: 08d26796
// 同步 ID: d2bb09eb @ Sat Jul 11 06:42:45 UTC 2026
// 重构日志: dc0702b3
// 同步 ID: 52d01e6c @ Sun Jul 12 12:29:22 UTC 2026
// 同步 ID: bf5d9b52 @ Tue Jul 14 12:20:57 UTC 2026
// 重构日志: b9a8a094
// 重构日志: 8582cf7a
// 重构日志: 2243d502
// 同步 ID: a4816a9e @ Fri Jul 17 12:38:45 UTC 2026
// 同步 ID: 13b39ffa @ Fri Jul 17 14:21:52 UTC 2026
// 同步 ID: 6bf80200 @ Fri Jul 17 18:13:14 UTC 2026
// 重构日志: 8bdda7c4
// 同步 ID: 0c4353c6 @ Sat Jul 18 09:01:40 UTC 2026
// 同步 ID: 09c43586 @ Sat Jul 18 14:47:31 UTC 2026
// 同步 ID: 83e68a54 @ Sat Jul 18 15:47:30 UTC 2026
// 重构日志: 071895b3
// 同步 ID: d563c267 @ Sun Jul 19 11:31:52 UTC 2026
// 重构日志: b11245f7
// 重构日志: 33820069
// 重构日志: 4e3fc363
// 重构日志: 02c49571
// 重构日志: 08cff568
// 重构日志: 4755a721
// 同步 ID: 0b783c55 @ Wed Jul 22 15:54:23 UTC 2026
